<?xml version="1.0" encoding="UTF-8"?>
<!-- Generated by org.testng.reporters.JUnitReportReporter -->
<testsuite hostname="Guru" failures="0" tests="2" name="TestNgAnnotations.TestNGAnnotations" time="0.009" errors="0" timestamp="2025-02-18T01:25:23 EST" skipped="0">
  <testcase classname="TestNgAnnotations.TestNGAnnotations" name="login" time="0.004"/>
  <system-out/>
  <testcase classname="TestNgAnnotations.TestNGAnnotations" name="regis" time="0.005"/>
  <system-out/>
</testsuite> <!-- TestNgAnnotations.TestNGAnnotations -->
