<?xml version="1.0" encoding="UTF-8"?>
<!-- Generated by org.testng.reporters.JUnitReportReporter -->
<testsuite hostname="Guru" failures="0" tests="1" name="SeleniumBasics.DropdownList" time="6.720" errors="0" timestamp="2025-02-18T05:34:37 EST" skipped="0">
  <testcase classname="SeleniumBasics.DropdownList" name="f" time="6.720"/>
  <system-out/>
</testsuite> <!-- SeleniumBasics.DropdownList -->
