<?xml version="1.0" encoding="UTF-8"?>
<!-- Generated by org.testng.reporters.JUnitReportReporter -->
<testsuite hostname="Guru" failures="0" tests="3" name="TestNgAnnotations.IgnoreTest" time="0.008" errors="0" timestamp="2025-02-18T01:17:59 EST" skipped="1">
  <testcase classname="TestNgAnnotations.IgnoreTest" name="f1" time="0.007"/>
  <system-out/>
  <testcase classname="TestNgAnnotations.IgnoreTest" name="f3" time="0.001"/>
  <system-out/>
  <testcase classname="TestNgAnnotations.IgnoreTest" name="f2">
    <skipped/>
  </testcase> <!-- f2 -->
  <system-out/>
</testsuite> <!-- TestNgAnnotations.IgnoreTest -->
