<?xml version="1.0" encoding="UTF-8"?>
<!-- Generated by org.testng.reporters.JUnitReportReporter -->
<testsuite hostname="Guru" failures="0" tests="3" name="TestNgAnnotations.IgnoreTest" time="0.008" errors="0" timestamp="2025-02-18T02:19:21 EST" skipped="1">
  <testcase classname="TestNgAnnotations.IgnoreTest" name="TestA" time="0.007"/>
  <system-out/>
  <testcase classname="TestNgAnnotations.IgnoreTest" name="TestC" time="0.001"/>
  <system-out/>
  <testcase classname="TestNgAnnotations.IgnoreTest" name="TestB">
    <skipped/>
  </testcase> <!-- TestB -->
  <system-out/>
</testsuite> <!-- TestNgAnnotations.IgnoreTest -->
