<?xml version="1.0" encoding="UTF-8"?>
<!-- Generated by org.testng.reporters.JUnitReportReporter -->
<testsuite hostname="Guru" failures="0" tests="2" name="TestNgAnnotations.TestNGAnnotations" time="0.007" errors="0" timestamp="2025-02-17T23:59:07 EST" skipped="0">
  <testcase classname="TestNgAnnotations.TestNGAnnotations" name="regis" time="0.001"/>
  <system-out/>
  <testcase classname="TestNgAnnotations.TestNGAnnotations" name="login" time="0.006"/>
  <system-out/>
</testsuite> <!-- TestNgAnnotations.TestNGAnnotations -->
