<?xml version="1.0" encoding="UTF-8"?>
<!-- Generated by org.testng.reporters.JUnitReportReporter -->
<testsuite hostname="Guru" failures="0" tests="1" name="TestNgAnnotations.groupConcept" time="0.007" errors="0" timestamp="2025-02-18T01:03:47 EST" skipped="0">
  <testcase classname="TestNgAnnotations.groupConcept" name="m1_groupConcept" time="0.007"/>
  <system-out/>
</testsuite> <!-- TestNgAnnotations.groupConcept -->
