<?xml version="1.0" encoding="UTF-8"?>
<!-- Generated by org.testng.reporters.JUnitReportReporter -->
<testsuite hostname="Guru" failures="0" tests="1" name="SeleniumBasics.Checkbox" time="6.151" errors="0" timestamp="2025-02-18T05:23:53 EST" skipped="0">
  <testcase classname="SeleniumBasics.Checkbox" name="f" time="6.151"/>
  <system-out/>
</testsuite> <!-- SeleniumBasics.Checkbox -->
