<?xml version="1.0" encoding="UTF-8"?>
<!-- Generated by org.testng.reporters.JUnitReportReporter -->
<testsuite hostname="Guru" failures="0" tests="1" name="SeleniumBasics.SelectDropdownsingle" time="9.722" errors="0" timestamp="2025-02-25T23:20:42 EST" skipped="0">
  <testcase classname="SeleniumBasics.SelectDropdownsingle" name="f" time="9.722"/>
  <system-out/>
</testsuite> <!-- SeleniumBasics.SelectDropdownsingle -->
