<?xml version="1.0" encoding="UTF-8"?>
<!-- Generated by org.testng.reporters.JUnitReportReporter -->
<testsuite hostname="Guru" failures="0" tests="1" name="SeleniumBasics.LocatorTypes" time="11.852" errors="0" timestamp="2025-02-18T04:56:02 EST" skipped="0">
  <testcase classname="SeleniumBasics.LocatorTypes" name="f" time="11.852"/>
  <system-out/>
</testsuite> <!-- SeleniumBasics.LocatorTypes -->
