<?xml version="1.0" encoding="UTF-8"?>
<!-- Generated by org.testng.reporters.JUnitReportReporter -->
<testsuite hostname="Guru" failures="0" tests="4" name="TestNgAnnotations.ParallelTestMethod" time="0.012" errors="0" timestamp="2025-02-18T01:38:35 EST" skipped="0">
  <testcase classname="TestNgAnnotations.ParallelTestMethod" name="f4" time="0.001"/>
  <system-out/>
  <testcase classname="TestNgAnnotations.ParallelTestMethod" name="f3" time="0.001"/>
  <system-out/>
  <testcase classname="TestNgAnnotations.ParallelTestMethod" name="f1" time="0.008"/>
  <system-out/>
  <testcase classname="TestNgAnnotations.ParallelTestMethod" name="f2" time="0.002"/>
  <system-out/>
</testsuite> <!-- TestNgAnnotations.ParallelTestMethod -->
