<?xml version="1.0" encoding="UTF-8"?>
<!-- Generated by org.testng.reporters.JUnitReportReporter -->
<testsuite hostname="Guru" failures="0" tests="1" name="TestNgAnnotations.ClassTwo" time="0.008" errors="0" timestamp="2025-02-18T01:38:35 EST" skipped="0">
  <testcase classname="TestNgAnnotations.ClassTwo" name="f1" time="0.008"/>
  <system-out/>
</testsuite> <!-- TestNgAnnotations.ClassTwo -->
