<?xml version="1.0" encoding="UTF-8"?>
<!-- Generated by org.testng.reporters.JUnitReportReporter -->
<testsuite hostname="Guru" failures="0" tests="4" name="TestNgAnnotations.TestNgPriority" time="0.011" errors="0" timestamp="2025-02-18T00:24:08 EST" skipped="0">
  <testcase classname="TestNgAnnotations.TestNgPriority" name="regis" time="0.007"/>
  <system-out/>
  <testcase classname="TestNgAnnotations.TestNgPriority" name="login" time="0.001"/>
  <system-out/>
  <testcase classname="TestNgAnnotations.TestNgPriority" name="search" time="0.001"/>
  <system-out/>
  <testcase classname="TestNgAnnotations.TestNgPriority" name="itemcheckout" time="0.002"/>
  <system-out/>
</testsuite> <!-- TestNgAnnotations.TestNgPriority -->
