<?xml version="1.0" encoding="UTF-8"?>
<!-- Generated by org.testng.reporters.JUnitReportReporter -->
<testsuite hostname="Guru" failures="0" tests="1" name="SeleniumBasics.MultiSelectionDropdown" time="12.510" errors="0" timestamp="2025-02-25T23:31:07 EST" skipped="0">
  <testcase classname="SeleniumBasics.MultiSelectionDropdown" name="f" time="12.510"/>
  <system-out/>
</testsuite> <!-- SeleniumBasics.MultiSelectionDropdown -->
