<?xml version="1.0" encoding="UTF-8"?>
<!-- Generated by org.testng.reporters.JUnitReportReporter -->
<testsuite hostname="Guru" failures="0" tests="1" name="SeleniumBasics.RadioButton" time="14.884" errors="0" timestamp="2025-02-18T05:07:34 EST" skipped="0">
  <testcase classname="SeleniumBasics.RadioButton" name="f" time="14.884"/>
  <system-out/>
</testsuite> <!-- SeleniumBasics.RadioButton -->
