<?xml version="1.0" encoding="UTF-8"?>
<!-- Generated by org.testng.reporters.JUnitReportReporter -->
<testsuite hostname="Guru" failures="0" tests="4" name="TestNgAnnotations.ClassOne" time="0.011" errors="0" timestamp="2025-02-18T01:38:35 EST" skipped="0">
  <testcase classname="TestNgAnnotations.ClassOne" name="f2" time="0.001"/>
  <system-out/>
  <testcase classname="TestNgAnnotations.ClassOne" name="f3" time="0.001"/>
  <system-out/>
  <testcase classname="TestNgAnnotations.ClassOne" name="f4" time="0.001"/>
  <system-out/>
  <testcase classname="TestNgAnnotations.ClassOne" name="f1" time="0.008"/>
  <system-out/>
</testsuite> <!-- TestNgAnnotations.ClassOne -->
