<?xml version="1.0" encoding="UTF-8"?>
<!-- Generated by org.testng.reporters.JUnitReportReporter -->
<testsuite hostname="Guru" failures="0" tests="3" name="com.assignment.TestNGAnnotations.PriorityMethods" time="0.006" errors="0" timestamp="2025-02-18T02:16:46 EST" skipped="0">
  <testcase classname="com.assignment.TestNGAnnotations.PriorityMethods" name="testC" time="0.006"/>
  <system-out/>
  <testcase classname="com.assignment.TestNGAnnotations.PriorityMethods" name="testA" time="0.000"/>
  <system-out/>
  <testcase classname="com.assignment.TestNGAnnotations.PriorityMethods" name="testB" time="0.000"/>
  <system-out/>
</testsuite> <!-- com.assignment.TestNGAnnotations.PriorityMethods -->
