<?xml version="1.0" encoding="UTF-8"?>
<!-- Generated by org.testng.reporters.JUnitReportReporter -->
<testsuite hostname="Guru" failures="0" tests="1" name="com.assignment.TestNGAnnotations.ClassTwo" time="0.007" errors="0" timestamp="2025-02-18T02:30:54 EST" skipped="0">
  <testcase classname="com.assignment.TestNGAnnotations.ClassTwo" name="testA" time="0.007"/>
  <system-out/>
</testsuite> <!-- com.assignment.TestNGAnnotations.ClassTwo -->
