<?xml version="1.0" encoding="UTF-8"?>
<!-- Generated by org.testng.reporters.JUnitReportReporter -->
<testsuite hostname="Guru" failures="0" tests="3" name="com.assignment.TestNGAnnotations.ParallelMethodsTest" time="0.024" errors="0" timestamp="2025-02-18T02:25:40 EST" skipped="0">
  <testcase classname="com.assignment.TestNGAnnotations.ParallelMethodsTest" name="testC" time="0.008"/>
  <system-out/>
  <testcase classname="com.assignment.TestNGAnnotations.ParallelMethodsTest" name="testB" time="0.008"/>
  <system-out/>
  <testcase classname="com.assignment.TestNGAnnotations.ParallelMethodsTest" name="testA" time="0.008"/>
  <system-out/>
</testsuite> <!-- com.assignment.TestNGAnnotations.ParallelMethodsTest -->
