<?xml version="1.0" encoding="UTF-8"?>
<!-- Generated by org.testng.reporters.JUnitReportReporter -->
<testsuite hostname="Guru" failures="0" tests="3" name="com.assignment.TestNGAnnotations.DependsOnMethods" time="0.010" errors="0" timestamp="2025-02-18T02:12:31 EST" skipped="0">
  <testcase classname="com.assignment.TestNGAnnotations.DependsOnMethods" name="testCheckout" time="0.001"/>
  <system-out/>
  <testcase classname="com.assignment.TestNGAnnotations.DependsOnMethods" name="testAddToCart" time="0.001"/>
  <system-out/>
  <testcase classname="com.assignment.TestNGAnnotations.DependsOnMethods" name="testLogin" time="0.008"/>
  <system-out/>
</testsuite> <!-- com.assignment.TestNGAnnotations.DependsOnMethods -->
