<?xml version="1.0" encoding="UTF-8"?>
<!-- Generated by org.testng.reporters.JUnitReportReporter -->
<testsuite hostname="Guru" failures="0" tests="2" name="com.assignment.TestNGAnnotations.GroupingMethodsTest" time="0.007" errors="0" timestamp="2025-02-18T02:38:22 EST" skipped="0">
  <testcase classname="com.assignment.TestNGAnnotations.GroupingMethodsTest" name="testC" time="0.000"/>
  <system-out/>
  <testcase classname="com.assignment.TestNGAnnotations.GroupingMethodsTest" name="testA" time="0.007"/>
  <system-out/>
</testsuite> <!-- com.assignment.TestNGAnnotations.GroupingMethodsTest -->
