<?xml version="1.0" encoding="UTF-8"?>
<!-- Generated by org.testng.reporters.JUnitReportReporter -->
<testsuite hostname="Guru" failures="0" tests="3" name="com.assignment.TestNGAnnotations.ClassOne" time="0.010" errors="0" timestamp="2025-02-18T02:30:54 EST" skipped="0">
  <testcase classname="com.assignment.TestNGAnnotations.ClassOne" name="testC" time="0.000"/>
  <system-out/>
  <testcase classname="com.assignment.TestNGAnnotations.ClassOne" name="testA" time="0.009"/>
  <system-out/>
  <testcase classname="com.assignment.TestNGAnnotations.ClassOne" name="testB" time="0.001"/>
  <system-out/>
</testsuite> <!-- com.assignment.TestNGAnnotations.ClassOne -->
